<?xml version="1.0" encoding="UTF-8"?>
<testsuite xmlns:xsi="http://www.w3.org/2001/XMLSchema-instance" xsi:noNamespaceSchemaLocation="https://maven.apache.org/surefire/maven-surefire-plugin/xsd/surefire-test-report-3.0.xsd" version="3.0" name="com.example.be.BeApplicationTests" time="9.188" tests="1" errors="0" skipped="0" failures="0">
  <properties>
[...]
</properties>
  <testcase name="contextLoads" classname="com.example.be.BeApplicationTests" time="0.617">
    <system-out><![CDATA[08:04:26.976 [main] INFO org.springframework.test.context.support.AnnotationConfigContextLoaderUtils -- Could not detect default configuration classes for test class [com.example.be.BeApplicationTests]: BeApplicationTests does not declare any static, non-private, non-final, nested classes annotated with @Configuration.
08:04:27.112 [main] INFO org.springframework.boot.test.context.SpringBootTestContextBootstrapper -- Found @SpringBootConfiguration com.example.be.BeApplication for test class com.example.be.BeApplicationTests

  .   ____          _            __ _ _
 /\\ / ___'_ __ _ _(_)_ __  __ _ \ \ \ \
( ( )\___ | '_ | '_| | '_ \/ _` | \ \ \ \
 \\/  ___)| |_)| | | | | || (_| |  ) ) ) )
  '  |____| .__|_| |_|_| |_\__, | / / / /
 =========|_|==============|___/=/_/_/_/
 :: Spring Boot ::                (v3.2.5)

2024-06-27T08:04:27.712+07:00  INFO 23532 --- [Api-springboot] [           main] com.example.be.BeApplicationTests        : Starting BeApplicationTests using Java 22 with PID 23532 (started by thanhphung in D:\Data\GitClone\CDWeb-MovieBooking-dev-2\be)
2024-06-27T08:04:27.713+07:00  INFO 23532 --- [Api-springboot] [           main] com.example.be.BeApplicationTests        : No active profile set, falling back to 1 default profile: "default"
2024-06-27T08:04:28.831+07:00  INFO 23532 --- [Api-springboot] [           main] .s.d.r.c.RepositoryConfigurationDelegate : Bootstrapping Spring Data JPA repositories in DEFAULT mode.
2024-06-27T08:04:28.917+07:00  INFO 23532 --- [Api-springboot] [           main] .s.d.r.c.RepositoryConfigurationDelegate : Finished Spring Data repository scanning in 78 ms. Found 9 JPA repository interfaces.
2024-06-27T08:04:29.539+07:00  INFO 23532 --- [Api-springboot] [           main] o.hibernate.jpa.internal.util.LogHelper  : HHH000204: Processing PersistenceUnitInfo [name: default]
2024-06-27T08:04:29.631+07:00  INFO 23532 --- [Api-springboot] [           main] org.hibernate.Version                    : HHH000412: Hibernate ORM core version 6.4.4.Final
2024-06-27T08:04:29.685+07:00  INFO 23532 --- [Api-springboot] [           main] o.h.c.internal.RegionFactoryInitiator    : HHH000026: Second-level cache disabled
2024-06-27T08:04:30.011+07:00  INFO 23532 --- [Api-springboot] [           main] o.s.o.j.p.SpringPersistenceUnitInfo      : No LoadTimeWeaver setup: ignoring JPA class transformer
2024-06-27T08:04:30.058+07:00  INFO 23532 --- [Api-springboot] [           main] com.zaxxer.hikari.HikariDataSource       : HikariPool-1 - Starting...
2024-06-27T08:04:30.820+07:00  INFO 23532 --- [Api-springboot] [           main] com.zaxxer.hikari.pool.HikariPool        : HikariPool-1 - Added connection com.mysql.cj.jdbc.ConnectionImpl@3212bfd
2024-06-27T08:04:30.822+07:00  INFO 23532 --- [Api-springboot] [           main] com.zaxxer.hikari.HikariDataSource       : HikariPool-1 - Start completed.
2024-06-27T08:04:32.168+07:00  INFO 23532 --- [Api-springboot] [           main] o.h.e.t.j.p.i.JtaPlatformInitiator       : HHH000489: No JTA platform available (set 'hibernate.transaction.jta.platform' to enable JTA platform integration)
2024-06-27T08:04:33.219+07:00  INFO 23532 --- [Api-springboot] [           main] j.LocalContainerEntityManagerFactoryBean : Initialized JPA EntityManagerFactory for persistence unit 'default'
2024-06-27T08:04:33.598+07:00  INFO 23532 --- [Api-springboot] [           main] o.s.d.j.r.query.QueryEnhancerFactory     : Hibernate is in classpath; If applicable, HQL parser will be used.
2024-06-27T08:04:34.565+07:00  WARN 23532 --- [Api-springboot] [           main] JpaBaseConfiguration$JpaWebConfiguration : spring.jpa.open-in-view is enabled by default. Therefore, database queries may be performed during view rendering. Explicitly configure spring.jpa.open-in-view to disable this warning
2024-06-27T08:04:34.588+07:00  WARN 23532 --- [Api-springboot] [           main] .s.s.UserDetailsServiceAutoConfiguration : 

Using generated security password: fa35eb64-e348-419f-aa4c-71f3c08e6f5b

This generated password is for development use only. Your security configuration must be updated before running your application in production.

2024-06-27T08:04:34.959+07:00  INFO 23532 --- [Api-springboot] [           main] o.s.s.web.DefaultSecurityFilterChain     : Will secure any request with [org.springframework.security.web.session.DisableEncodeUrlFilter@3ec4c84a, org.springframework.security.web.context.request.async.WebAsyncManagerIntegrationFilter@349247c9, org.springframework.security.web.context.SecurityContextHolderFilter@7382ec67, org.springframework.security.web.header.HeaderWriterFilter@6c525ee2, org.springframework.web.filter.CorsFilter@76700647, org.springframework.security.web.authentication.logout.LogoutFilter@19a3bfb5, org.springframework.security.web.savedrequest.RequestCacheAwareFilter@31d29626, org.springframework.security.web.servletapi.SecurityContextHolderAwareRequestFilter@5cf81e6e, org.springframework.security.web.authentication.AnonymousAuthenticationFilter@588e4caa, org.springframework.security.web.access.ExceptionTranslationFilter@5a947fd5, org.springframework.security.web.access.intercept.FilterSecurityInterceptor@7dc97564]
2024-06-27T08:04:35.261+07:00  INFO 23532 --- [Api-springboot] [           main] com.example.be.BeApplicationTests        : Started BeApplicationTests in 7.953 seconds (process running for 9.238)
]]></system-out>
    <system-err><![CDATA[WARNING: A Java agent has been loaded dynamically (C:\Users\miduy\.m2\repository\net\bytebuddy\byte-buddy-agent\1.14.13\byte-buddy-agent-1.14.13.jar)
WARNING: If a serviceability tool is in use, please run with -XX:+EnableDynamicAgentLoading to hide this warning
WARNING: If a serviceability tool is not in use, please run with -Djdk.instrument.traceUsage for more information
WARNING: Dynamic loading of agents will be disallowed by default in a future release
]]></system-err>
  </testcase>
</testsuite>